*** Using Compiler 'V5.06 update 7 (build 960)', folder: 'C:\Keil_v5\ARM\ARMCC\Bin'
Rebuild target 'FreeRTOS'
compiling sys.c...
compiling timer.c...
compiling led.c...
compiling stm32f4xx_it.c...
compiling can.c...
compiling system_stm32f4xx.c...
compiling pid.c...
compiling delay.c...
assembling startup_stm32f40_41xxx.s...
compiling remote_control.c...
compiling main.c...
compiling rc.c...
compiling misc.c...
compiling stm32f4xx_syscfg.c...
compiling stm32f4xx_usart.c...
compiling stm32f4xx_gpio.c...
compiling stm32f4xx_rcc.c...
compiling stm32f4xx_dma.c...
compiling stm32f4xx_can.c...
compiling usart1.c...
compiling usart6.c...
compiling stm32f4xx_crc.c...
compiling stm32f4xx_adc.c...
compiling stm32f4xx_cryp_des.c...
compiling stm32f4xx_dcmi.c...
compiling stm32f4xx_dac.c...
compiling stm32f4xx_dbgmcu.c...
compiling stm32f4xx_exti.c...
compiling stm32f4xx_cryp.c...
compiling stm32f4xx_cryp_tdes.c...
compiling stm32f4xx_dma2d.c...
compiling stm32f4xx_cryp_aes.c...
compiling stm32f4xx_flash.c...
compiling stm32f4xx_flash_ramfunc.c...
compiling stm32f4xx_hash.c...
compiling stm32f4xx_rng.c...
compiling stm32f4xx_hash_sha1.c...
compiling stm32f4xx_sai.c...
compiling stm32f4xx_iwdg.c...
compiling stm32f4xx_hash_md5.c...
compiling stm32f4xx_fsmc.c...
compiling stm32f4xx_i2c.c...
compiling stm32f4xx_pwr.c...
compiling stm32f4xx_ltdc.c...
compiling stm32f4xx_rtc.c...
compiling stm32f4xx_sdio.c...
compiling stm32f4xx_spi.c...
compiling stm32f4xx_wwdg.c...
compiling croutine.c...
compiling stm32f4xx_tim.c...
compiling timers.c...
compiling event_groups.c...
compiling list.c...
compiling cmsis_os.c...
compiling queue.c...
compiling port.c...
compiling tasks.c...
compiling heap_4.c...
compiling user_lib.c...
compiling can_receive.c...
compiling detect_task.c...
compiling Tx2_task.c...
compiling accelerometer_calibration.c...
compiling BSP_Flash.c...
compiling start_task.c...
compiling gimbal_task.c...
compiling mpu_delay.c...
compiling shoot_task.c...
compiling kalman.c...
compiling ui_task.c...
compiling chassis_task.c...
..\TASK\chassis_task\chassis_task.c(171): warning:  #550-D: variable "Rotation_rate"  was set but never used
  			fp32 Rotation_rate = 0.0f;
..\TASK\chassis_task\chassis_task.c: 1 warning, 0 errors
compiling BSP_MPU9250_Init.c...
compiling Ramp_Control.c...
compiling MPU_TIME_Init.c...
compiling Filter_Control.c...
compiling RM_Cilent_UI.c...
compiling kalman_filter.c...
compiling get_judge_measure.c...
compiling MPU_SPI_Init.c...
compiling IMUTask.c...
compiling Judge_Task.c...
compiling judgement_info.c...
compiling protocol.c...
compiling gimbal_app.c...
..\App\gimbal_app.c(87): warning:  #177-D: variable "err"  was declared but never referenced
      fp32 err;
..\App\gimbal_app.c: 1 warning, 0 errors
compiling OLED.c...
linking...
Program Size: Code=63560 RO-data=5128 RW-data=1448 ZI-data=30888  
FromELF: creating hex file...
"..\OBJ\LED.axf" - 0 Error(s), 2 Warning(s).
Build Time Elapsed:  00:00:12
